######## ALLOC=0  cadence=wall 1.0s/gen  POOLS=1,2,4  REPS=4  DURATION=5 ########
Ruby 4.0.5 (aarch64-linux) refork death-test (frontier / iso-throughput)
POOLS=[1, 2, 4] SHAPES=[:hash, :struct, :blob] N_by_shape={hash: 2300000, struct: 5000000, blob: 26000000} ITEMS=2000 SCAN=1500 ALLOC=0 DURATION=5.0s REPS=4 refork-cadence=wall-clock 1.0s/gen

==================== shape: hash (N=2300000) ====================
model                   pool    items/s  tput[min..max]   PSS_MB    GC_cnt   alloc_objs      ok
refork_gate.rb:221: warning: Ractor API is experimental and may change in future versions of Ruby.
refork_gate.rb:221: warning: Ractor API is experimental and may change in future versions of Ruby.
refork_gate.rb:221: warning: Ractor API is experimental and may change in future versions of Ruby.
refork_gate.rb:221: warning: Ractor API is experimental and may change in future versions of Ruby.
ractor                     1       5892      4676..6302  493.6MB         0         2189     yes
norefork                   1       5794      4653..6699  406.4MB         0            9     yes
refork                     1       5883      5060..6217  407.1MB         0           40     yes
                              ↳ actual refork interval p50=1.260s p95=1.359s (5 gens, target 1.0s); smaps artifact excl. from tput 0.57% of wall
refork_gate.rb:221: warning: Ractor API is experimental and may change in future versions of Ruby.
refork_gate.rb:221: warning: Ractor API is experimental and may change in future versions of Ruby.
refork_gate.rb:221: warning: Ractor API is experimental and may change in future versions of Ruby.
refork_gate.rb:221: warning: Ractor API is experimental and may change in future versions of Ruby.
ractor                     2      11070     9745..12542  493.6MB         0         2224     yes
norefork                   2      12893    12606..13007  407.7MB         0           18     yes
refork                     2      12026     9455..12243  408.6MB         0           90     yes
                              ↳ actual refork interval p50=1.158s p95=1.309s (5 gens, target 1.0s); smaps artifact excl. from tput 0.87% of wall
refork_gate.rb:221: warning: Ractor API is experimental and may change in future versions of Ruby.
refork_gate.rb:221: warning: Ractor API is experimental and may change in future versions of Ruby.
refork_gate.rb:221: warning: Ractor API is experimental and may change in future versions of Ruby.
refork_gate.rb:221: warning: Ractor API is experimental and may change in future versions of Ruby.
ractor                     4      22443    13992..23554  492.4MB         0         2278     yes
norefork                   4      20134    16380..21668  408.8MB         0           36     yes
refork                     4      22361    20925..23251  410.9MB         0          180     yes
                              ↳ actual refork interval p50=1.086s p95=1.135s (5 gens, target 1.0s); smaps artifact excl. from tput 1.24% of wall

  verdict (hash, N=2300000, ALLOC=0, refork wall 1.0s/gen; actual interval p50=1.141s p95=1.323s):
    ractor best:        22443 items/s @ pool 4, PSS 492.4MB
    refork  @ iso-tput: PSS 410.9MB   |   no-refork @ iso-tput: PSS 408.8MB
    Ractor PSS / refork PSS = 119.8% (gate ≤80%) ; absolute saving -81.5MB (gate ≥100MB ABSOLUTE)
    throughput reach vs refork max = 100.4% (gate ≥75%)
    → INCONCLUSIVE — throughput spread straddles the gate (raise REPS/DURATION).

==================== shape: struct (N=5000000) ====================
model                   pool    items/s  tput[min..max]   PSS_MB    GC_cnt   alloc_objs      ok
refork_gate.rb:221: warning: Ractor API is experimental and may change in future versions of Ruby.
refork_gate.rb:221: warning: Ractor API is experimental and may change in future versions of Ruby.
refork_gate.rb:221: warning: Ractor API is experimental and may change in future versions of Ruby.
refork_gate.rb:221: warning: Ractor API is experimental and may change in future versions of Ruby.
ractor                     1       5263      5047..5380  403.6MB         0         2192     yes
norefork                   1       5031      4840..5203  283.6MB         0           12     yes
refork                     1       4383      4104..4597  284.3MB         0           48     yes
                              ↳ actual refork interval p50=1.299s p95=1.433s (4 gens, target 1.0s); smaps artifact excl. from tput 0.60% of wall
refork_gate.rb:221: warning: Ractor API is experimental and may change in future versions of Ruby.
refork_gate.rb:221: warning: Ractor API is experimental and may change in future versions of Ruby.
refork_gate.rb:221: warning: Ractor API is experimental and may change in future versions of Ruby.
refork_gate.rb:221: warning: Ractor API is experimental and may change in future versions of Ruby.
ractor                     2      10640     9062..11048  403.0MB         0         2233     yes
norefork                   2       8688      6106..9466  284.9MB         0           24     yes
refork                     2       7481      6710..9486  285.4MB         0          120     yes
                              ↳ actual refork interval p50=1.144s p95=1.214s (5 gens, target 1.0s); smaps artifact excl. from tput 0.74% of wall
refork_gate.rb:221: warning: Ractor API is experimental and may change in future versions of Ruby.
refork_gate.rb:221: warning: Ractor API is experimental and may change in future versions of Ruby.
refork_gate.rb:221: warning: Ractor API is experimental and may change in future versions of Ruby.
refork_gate.rb:221: warning: Ractor API is experimental and may change in future versions of Ruby.
ractor                     4      15289    12318..16483  401.9MB         0         2287     yes
norefork                   4      14273    13530..14560  286.6MB         0           48     yes
refork                     4      13599    13005..14552  288.8MB         0          240     yes
                              ↳ actual refork interval p50=1.119s p95=1.169s (5 gens, target 1.0s); smaps artifact excl. from tput 1.14% of wall

  verdict (struct, N=5000000, ALLOC=0, refork wall 1.0s/gen; actual interval p50=1.145s p95=1.399s):
    ractor best:        15289 items/s @ pool 4, PSS 401.9MB
    refork  @ iso-tput: PSS 288.8MB   |   no-refork @ iso-tput: PSS 286.6MB
    Ractor PSS / refork PSS = 139.2% (gate ≤80%) ; absolute saving -113.1MB (gate ≥100MB ABSOLUTE)
    throughput reach vs refork max = 112.4% (gate ≥75%)
    → TRADEOFF (neither Pareto-dominates): Ractor throughput 112% of refork-max, Ractor PSS 139% of refork. Memory gate (≤80% AND ≥100MB): fail; throughput gate (≥75%): pass → OVERALL FAIL.

==================== shape: blob (N=26000000) ====================
model                   pool    items/s  tput[min..max]   PSS_MB    GC_cnt   alloc_objs      ok
refork_gate.rb:221: warning: Ractor API is experimental and may change in future versions of Ruby.
refork_gate.rb:221: warning: Ractor API is experimental and may change in future versions of Ruby.
refork_gate.rb:221: warning: Ractor API is experimental and may change in future versions of Ruby.
refork_gate.rb:221: warning: Ractor API is experimental and may change in future versions of Ruby.
ractor                     1       2190      1856..2329  405.1MB         0         2185     yes
norefork                   1       2685      2572..2862  406.5MB         0           11     yes
refork                     1       2734      2658..2796  407.2MB         0           44     yes
                              ↳ actual refork interval p50=1.466s p95=1.608s (4 gens, target 1.0s); smaps artifact excl. from tput 0.40% of wall
refork_gate.rb:221: warning: Ractor API is experimental and may change in future versions of Ruby.
refork_gate.rb:221: warning: Ractor API is experimental and may change in future versions of Ruby.
refork_gate.rb:221: warning: Ractor API is experimental and may change in future versions of Ruby.
refork_gate.rb:221: warning: Ractor API is experimental and may change in future versions of Ruby.
ractor                     2       5481      4772..5693  405.3MB         0         2226     yes
norefork                   2       5650      5529..5728  407.9MB         0           22     yes
refork                     2       5062      4829..5370  408.8MB         0          110     yes
                              ↳ actual refork interval p50=1.172s p95=1.281s (5 gens, target 1.0s); smaps artifact excl. from tput 0.80% of wall
refork_gate.rb:221: warning: Ractor API is experimental and may change in future versions of Ruby.
refork_gate.rb:221: warning: Ractor API is experimental and may change in future versions of Ruby.
refork_gate.rb:221: warning: Ractor API is experimental and may change in future versions of Ruby.
refork_gate.rb:221: warning: Ractor API is experimental and may change in future versions of Ruby.
ractor                     4      10348     8750..10662  405.3MB         0         2280     yes
norefork                   4       9265      6543..9771  410.1MB         0           44     yes
refork                     4       6612      6120..7502  410.8MB         0          198     yes
                              ↳ actual refork interval p50=1.241s p95=1.319s (5 gens, target 1.0s); smaps artifact excl. from tput 1.45% of wall

  verdict (blob, N=26000000, ALLOC=0, refork wall 1.0s/gen; actual interval p50=1.251s p95=1.525s):
    ractor best:        10348 items/s @ pool 4, PSS 405.3MB
    refork  @ iso-tput: PSS 410.8MB   |   no-refork @ iso-tput: PSS 410.1MB
    Ractor PSS / refork PSS = 98.7% (gate ≤80%) ; absolute saving 5.5MB (gate ≥100MB ABSOLUTE)
    throughput reach vs refork max = 156.5% (gate ≥75%)
    → ECONOMIC NO-OP — Ractor technically Pareto-dominates refork but the 5.5MB saving is <100MB (no real economic win).

JSON written: /app/sweep_alloc0.json

######## ALLOC=100  cadence=wall 1.0s/gen  POOLS=1,2,4  REPS=4  DURATION=5 ########
Ruby 4.0.5 (aarch64-linux) refork death-test (frontier / iso-throughput)
POOLS=[1, 2, 4] SHAPES=[:hash, :struct, :blob] N_by_shape={hash: 2300000, struct: 5000000, blob: 26000000} ITEMS=2000 SCAN=1500 ALLOC=100 DURATION=5.0s REPS=4 refork-cadence=wall-clock 1.0s/gen

==================== shape: hash (N=2300000) ====================
model                   pool    items/s  tput[min..max]   PSS_MB    GC_cnt   alloc_objs      ok
refork_gate.rb:221: warning: Ractor API is experimental and may change in future versions of Ruby.
refork_gate.rb:221: warning: Ractor API is experimental and may change in future versions of Ruby.
refork_gate.rb:221: warning: Ractor API is experimental and may change in future versions of Ruby.
refork_gate.rb:221: warning: Ractor API is experimental and may change in future versions of Ruby.
ractor                     1       4921      4407..5822  514.6MB         4      5202194     yes
norefork                   1       5357      4892..5443  521.3MB         5      5600012     yes
refork                     1       5251      5160..5358  522.5MB         5      6000060     yes
                              ↳ actual refork interval p50=1.145s p95=1.192s (5 gens, target 1.0s); smaps artifact excl. from tput 0.59% of wall
refork_gate.rb:221: warning: Ractor API is experimental and may change in future versions of Ruby.
refork_gate.rb:221: warning: Ractor API is experimental and may change in future versions of Ruby.
refork_gate.rb:221: warning: Ractor API is experimental and may change in future versions of Ruby.
refork_gate.rb:221: warning: Ractor API is experimental and may change in future versions of Ruby.
ractor                     2      10225     6682..11282  514.9MB         9     10402229     yes
norefork                   2      11437     9690..11620  638.6MB        10     11600024     yes
refork                     2       9205      8398..9786  639.1MB         7     10900120     yes
                              ↳ actual refork interval p50=1.199s p95=1.282s (5 gens, target 1.0s); smaps artifact excl. from tput 0.96% of wall
refork_gate.rb:221: warning: Ractor API is experimental and may change in future versions of Ruby.
refork_gate.rb:221: warning: Ractor API is experimental and may change in future versions of Ruby.
refork_gate.rb:221: warning: Ractor API is experimental and may change in future versions of Ruby.
refork_gate.rb:221: warning: Ractor API is experimental and may change in future versions of Ruby.
ractor                     4      14057    12105..14841  514.9MB        12     14352289     yes
norefork                   4      13724    11741..15815  872.2MB        12     14100048     yes
refork                     4      14385    12125..15052  730.7MB         0     16350240     yes
                              ↳ actual refork interval p50=1.172s p95=1.236s (5 gens, target 1.0s); smaps artifact excl. from tput 2.26% of wall

  verdict (hash, N=2300000, ALLOC=100, refork wall 1.0s/gen; actual interval p50=1.165s p95=1.276s):
    ractor best:        14057 items/s @ pool 4, PSS 514.9MB
    refork  @ iso-tput: PSS 724.9MB   |   no-refork @ iso-tput: PSS 872.2MB
    Ractor PSS / refork PSS = 71.0% (gate ≤80%) ; absolute saving 210.0MB (gate ≥100MB ABSOLUTE)
    throughput reach vs refork max = 97.7% (gate ≥75%)
    → TRADEOFF (neither Pareto-dominates): Ractor throughput 98% of refork-max, Ractor PSS 71% of refork. Memory gate (≤80% AND ≥100MB): pass; throughput gate (≥75%): pass → OVERALL PASS.

==================== shape: struct (N=5000000) ====================
model                   pool    items/s  tput[min..max]   PSS_MB    GC_cnt   alloc_objs      ok
refork_gate.rb:221: warning: Ractor API is experimental and may change in future versions of Ruby.
refork_gate.rb:221: warning: Ractor API is experimental and may change in future versions of Ruby.
refork_gate.rb:221: warning: Ractor API is experimental and may change in future versions of Ruby.
refork_gate.rb:221: warning: Ractor API is experimental and may change in future versions of Ruby.
ractor                     1       4933      3875..5162  639.1MB         1      5202197     yes
norefork                   1       4584      4259..5024  582.0MB         1      4800015     yes
refork                     1       4830      3664..4870  403.0MB         0      5400067     yes
                              ↳ actual refork interval p50=1.238s p95=1.415s (5 gens, target 1.0s); smaps artifact excl. from tput 0.54% of wall
refork_gate.rb:221: warning: Ractor API is experimental and may change in future versions of Ruby.
refork_gate.rb:221: warning: Ractor API is experimental and may change in future versions of Ruby.
refork_gate.rb:221: warning: Ractor API is experimental and may change in future versions of Ruby.
refork_gate.rb:221: warning: Ractor API is experimental and may change in future versions of Ruby.
ractor                     2      10110    10088..10247  634.4MB         3     10402238     yes
norefork                   2       9162      7402..9637  881.6MB         2      9400030     yes
refork                     2       6505      5765..7836  440.2MB         0      7800150     yes
                              ↳ actual refork interval p50=1.218s p95=1.368s (5 gens, target 1.0s); smaps artifact excl. from tput 0.95% of wall
refork_gate.rb:221: warning: Ractor API is experimental and may change in future versions of Ruby.
refork_gate.rb:221: warning: Ractor API is experimental and may change in future versions of Ruby.
refork_gate.rb:221: warning: Ractor API is experimental and may change in future versions of Ruby.
refork_gate.rb:221: warning: Ractor API is experimental and may change in future versions of Ruby.
ractor                     4      11317     5978..12673  635.7MB         3     11552292     yes
norefork                   4      18498    16470..19560 1480.8MB         4     18850060     yes
refork                     4      16333    15118..18600  666.6MB         0     18250300     yes
                              ↳ actual refork interval p50=1.128s p95=1.164s (5 gens, target 1.0s); smaps artifact excl. from tput 1.32% of wall

  verdict (struct, N=5000000, ALLOC=100, refork wall 1.0s/gen; actual interval p50=1.186s p95=1.378s):
    ractor best:        11317 items/s @ pool 4, PSS 635.7MB
    refork  @ iso-tput: PSS 551.0MB   |   no-refork @ iso-tput: PSS 1019.9MB
    Ractor PSS / refork PSS = 115.4% (gate ≤80%) ; absolute saving -84.7MB (gate ≥100MB ABSOLUTE)
    throughput reach vs refork max = 69.3% (gate ≥75%)
    → INCONCLUSIVE — throughput spread straddles the gate (raise REPS/DURATION).

==================== shape: blob (N=26000000) ====================
model                   pool    items/s  tput[min..max]   PSS_MB    GC_cnt   alloc_objs      ok
refork_gate.rb:221: warning: Ractor API is experimental and may change in future versions of Ruby.
refork_gate.rb:221: warning: Ractor API is experimental and may change in future versions of Ruby.
refork_gate.rb:221: warning: Ractor API is experimental and may change in future versions of Ruby.
refork_gate.rb:221: warning: Ractor API is experimental and may change in future versions of Ruby.
ractor                     1       2602      2331..2722  405.7MB       288      2802190     yes
norefork                   1       2627      2202..2755  408.6MB       192      2800014     yes
refork                     1       2660      2580..2716  409.6MB       196      3200056     yes
                              ↳ actual refork interval p50=1.498s p95=1.572s (4 gens, target 1.0s); smaps artifact excl. from tput 0.45% of wall
refork_gate.rb:221: warning: Ractor API is experimental and may change in future versions of Ruby.
refork_gate.rb:221: warning: Ractor API is experimental and may change in future versions of Ruby.
refork_gate.rb:221: warning: Ractor API is experimental and may change in future versions of Ruby.
refork_gate.rb:221: warning: Ractor API is experimental and may change in future versions of Ruby.
ractor                     2       4644      4505..5105  405.8MB       525      5002243     yes
norefork                   2       4146      4090..4922  411.6MB       303      4400028     yes
refork                     2       4449      3516..5150  413.7MB       312      5300126     yes
                              ↳ actual refork interval p50=1.223s p95=1.529s (5 gens, target 1.0s); smaps artifact excl. from tput 0.88% of wall
refork_gate.rb:221: warning: Ractor API is experimental and may change in future versions of Ruby.
refork_gate.rb:221: warning: Ractor API is experimental and may change in future versions of Ruby.
refork_gate.rb:221: warning: Ractor API is experimental and may change in future versions of Ruby.
refork_gate.rb:221: warning: Ractor API is experimental and may change in future versions of Ruby.
ractor                     4       7357      5771..9805  406.5MB       500      7652311     yes
norefork                   4       9683     9517..10242  418.9MB       677     10100056     yes
refork                     4       9796      7972..9907  423.6MB       653     11350280     yes
                              ↳ actual refork interval p50=1.200s p95=1.319s (5 gens, target 1.0s); smaps artifact excl. from tput 1.28% of wall

  verdict (blob, N=26000000, ALLOC=100, refork wall 1.0s/gen; actual interval p50=1.230s p95=1.560s):
    ractor best:        7357 items/s @ pool 4, PSS 406.5MB
    refork  @ iso-tput: PSS 419.1MB   |   no-refork @ iso-tput: PSS 415.8MB
    Ractor PSS / refork PSS = 97.0% (gate ≤80%) ; absolute saving 12.6MB (gate ≥100MB ABSOLUTE)
    throughput reach vs refork max = 75.1% (gate ≥75%)
    → INCONCLUSIVE — throughput spread straddles the gate (raise REPS/DURATION).

JSON written: /app/sweep_alloc100.json

######## ALLOC=500  cadence=wall 1.0s/gen  POOLS=1,2,4  REPS=4  DURATION=5 ########
Ruby 4.0.5 (aarch64-linux) refork death-test (frontier / iso-throughput)
POOLS=[1, 2, 4] SHAPES=[:hash, :struct, :blob] N_by_shape={hash: 2300000, struct: 5000000, blob: 26000000} ITEMS=2000 SCAN=1500 ALLOC=500 DURATION=5.0s REPS=4 refork-cadence=wall-clock 1.0s/gen

==================== shape: hash (N=2300000) ====================
model                   pool    items/s  tput[min..max]   PSS_MB    GC_cnt   alloc_objs      ok
refork_gate.rb:221: warning: Ractor API is experimental and may change in future versions of Ruby.
refork_gate.rb:221: warning: Ractor API is experimental and may change in future versions of Ruby.
refork_gate.rb:221: warning: Ractor API is experimental and may change in future versions of Ruby.
refork_gate.rb:221: warning: Ractor API is experimental and may change in future versions of Ruby.
ractor                     1       4334      4088..4520  514.5MB        20     23002194     yes
norefork                   1       4335      4061..4502  521.1MB        21     23000012     yes
refork                     1       3520      2694..3620  522.4MB        15     20000060     yes
                              ↳ actual refork interval p50=1.152s p95=1.506s (5 gens, target 1.0s); smaps artifact excl. from tput 0.71% of wall
refork_gate.rb:221: warning: Ractor API is experimental and may change in future versions of Ruby.
refork_gate.rb:221: warning: Ractor API is experimental and may change in future versions of Ruby.
refork_gate.rb:221: warning: Ractor API is experimental and may change in future versions of Ruby.
refork_gate.rb:221: warning: Ractor API is experimental and may change in future versions of Ruby.
ractor                     2       7595      7345..8033  514.5MB        34     39002229     yes
norefork                   2       8355      8089..8913  637.8MB        39     43000024     yes
refork                     2       6720      6545..7491  639.9MB        28     38000120     yes
                              ↳ actual refork interval p50=1.122s p95=1.231s (5 gens, target 1.0s); smaps artifact excl. from tput 1.03% of wall
refork_gate.rb:221: warning: Ractor API is experimental and may change in future versions of Ruby.
refork_gate.rb:221: warning: Ractor API is experimental and may change in future versions of Ruby.
refork_gate.rb:221: warning: Ractor API is experimental and may change in future versions of Ruby.
refork_gate.rb:221: warning: Ractor API is experimental and may change in future versions of Ruby.
ractor                     4      12601    10338..13329  514.5MB        57     64502292     yes
norefork                   4      17068    16647..17228  870.8MB        80     87250048     yes
refork                     4      14777    14139..15194  875.4MB        63     81750240     yes
                              ↳ actual refork interval p50=1.126s p95=1.165s (5 gens, target 1.0s); smaps artifact excl. from tput 1.56% of wall

  verdict (hash, N=2300000, ALLOC=500, refork wall 1.0s/gen; actual interval p50=1.126s p95=1.387s):
    ractor best:        12601 items/s @ pool 4, PSS 514.5MB
    refork  @ iso-tput: PSS 811.8MB   |   no-refork @ iso-tput: PSS 751.3MB
    Ractor PSS / refork PSS = 63.4% (gate ≤80%) ; absolute saving 297.3MB (gate ≥100MB ABSOLUTE)
    throughput reach vs refork max = 85.3% (gate ≥75%)
    → INCONCLUSIVE — throughput spread straddles the gate (raise REPS/DURATION).

==================== shape: struct (N=5000000) ====================
model                   pool    items/s  tput[min..max]   PSS_MB    GC_cnt   alloc_objs      ok
refork_gate.rb:221: warning: Ractor API is experimental and may change in future versions of Ruby.
refork_gate.rb:221: warning: Ractor API is experimental and may change in future versions of Ruby.
refork_gate.rb:221: warning: Ractor API is experimental and may change in future versions of Ruby.
refork_gate.rb:221: warning: Ractor API is experimental and may change in future versions of Ruby.
ractor                     1       3852      3627..3974  639.1MB         6     20002197     yes
norefork                   1       3911      3782..4023  585.6MB         6     20000015     yes
refork                     1       3468      3386..3517  584.9MB         5     20000075     yes
                              ↳ actual refork interval p50=1.144s p95=1.263s (5 gens, target 1.0s); smaps artifact excl. from tput 0.65% of wall
refork_gate.rb:221: warning: Ractor API is experimental and may change in future versions of Ruby.
refork_gate.rb:221: warning: Ractor API is experimental and may change in future versions of Ruby.
refork_gate.rb:221: warning: Ractor API is experimental and may change in future versions of Ruby.
refork_gate.rb:221: warning: Ractor API is experimental and may change in future versions of Ruby.
ractor                     2       7064      6966..7136  636.2MB        11     36002238     yes
norefork                   2       7582      6524..7730  882.6MB        12     39000030     yes
refork                     2       6060      4607..6611  824.6MB        10     34000135     yes
                              ↳ actual refork interval p50=1.232s p95=1.538s (5 gens, target 1.0s); smaps artifact excl. from tput 0.94% of wall
refork_gate.rb:221: warning: Ractor API is experimental and may change in future versions of Ruby.
refork_gate.rb:221: warning: Ractor API is experimental and may change in future versions of Ruby.
refork_gate.rb:221: warning: Ractor API is experimental and may change in future versions of Ruby.
refork_gate.rb:221: warning: Ractor API is experimental and may change in future versions of Ruby.
ractor                     4      10731     9449..11131  634.3MB        16     54752292     yes
norefork                   4      13239    11802..14761 1481.9MB        21     68750060     yes
refork                     4      11680    10153..12631 1298.9MB        20     65250300     yes
                              ↳ actual refork interval p50=1.157s p95=1.230s (5 gens, target 1.0s); smaps artifact excl. from tput 1.64% of wall

  verdict (struct, N=5000000, ALLOC=500, refork wall 1.0s/gen; actual interval p50=1.168s p95=1.317s):
    ractor best:        10731 items/s @ pool 4, PSS 634.3MB
    refork  @ iso-tput: PSS 1218.8MB   |   no-refork @ iso-tput: PSS 1216.2MB
    Ractor PSS / refork PSS = 52.0% (gate ≤80%) ; absolute saving 584.5MB (gate ≥100MB ABSOLUTE)
    throughput reach vs refork max = 91.9% (gate ≥75%)
    → INCONCLUSIVE — throughput spread straddles the gate (raise REPS/DURATION).

==================== shape: blob (N=26000000) ====================
model                   pool    items/s  tput[min..max]   PSS_MB    GC_cnt   alloc_objs      ok
refork_gate.rb:221: warning: Ractor API is experimental and may change in future versions of Ruby.
refork_gate.rb:221: warning: Ractor API is experimental and may change in future versions of Ruby.
refork_gate.rb:221: warning: Ractor API is experimental and may change in future versions of Ruby.
refork_gate.rb:221: warning: Ractor API is experimental and may change in future versions of Ruby.
ractor                     1       2156      2108..2194  405.7MB      1237     12002190     yes
norefork                   1       2372      1981..2386  408.6MB       827     12000014     yes
refork                     1       2184      1996..2239  409.3MB       760     12000042     yes
                              ↳ actual refork interval p50=1.764s p95=2.042s (3 gens, target 1.0s); smaps artifact excl. from tput 0.55% of wall
refork_gate.rb:221: warning: Ractor API is experimental and may change in future versions of Ruby.
refork_gate.rb:221: warning: Ractor API is experimental and may change in future versions of Ruby.
refork_gate.rb:221: warning: Ractor API is experimental and may change in future versions of Ruby.
refork_gate.rb:221: warning: Ractor API is experimental and may change in future versions of Ruby.
ractor                     2       4136      3857..4363  405.8MB      2238     21502243     yes
norefork                   2       4623      4546..4819  412.0MB      1658     24000028     yes
refork                     2       4563      3807..4703  413.7MB      1440     24000112     yes
                              ↳ actual refork interval p50=1.303s p95=1.399s (4 gens, target 1.0s); smaps artifact excl. from tput 0.85% of wall
refork_gate.rb:221: warning: Ractor API is experimental and may change in future versions of Ruby.
refork_gate.rb:221: warning: Ractor API is experimental and may change in future versions of Ruby.
refork_gate.rb:221: warning: Ractor API is experimental and may change in future versions of Ruby.
refork_gate.rb:221: warning: Ractor API is experimental and may change in future versions of Ruby.
ractor                     4       7054      6706..7284  406.4MB      2455     36502311     yes
norefork                   4       8633      7172..9094  418.8MB      3100     45000056     yes
refork                     4       8628      7676..8945  423.8MB      2868     50000280     yes
                              ↳ actual refork interval p50=1.177s p95=1.274s (5 gens, target 1.0s); smaps artifact excl. from tput 1.31% of wall

  verdict (blob, N=26000000, ALLOC=500, refork wall 1.0s/gen; actual interval p50=1.275s p95=1.919s):
    ractor best:        7054 items/s @ pool 4, PSS 406.4MB
    refork  @ iso-tput: PSS 419.9MB   |   no-refork @ iso-tput: PSS 416.1MB
    Ractor PSS / refork PSS = 96.8% (gate ≤80%) ; absolute saving 13.5MB (gate ≥100MB ABSOLUTE)
    throughput reach vs refork max = 81.8% (gate ≥75%)
    → INCONCLUSIVE — throughput spread straddles the gate (raise REPS/DURATION).

JSON written: /app/sweep_alloc500.json

######## AGGRESSIVE cadence=0.3s/gen  ALLOC=100  POOLS=4  REPS=4  DURATION=5 (refork's best memory shot) ########
Ruby 4.0.5 (aarch64-linux) refork death-test (frontier / iso-throughput)
POOLS=[4] SHAPES=[:hash, :struct, :blob] N_by_shape={hash: 2300000, struct: 5000000, blob: 26000000} ITEMS=2000 SCAN=1500 ALLOC=100 DURATION=5.0s REPS=4 refork-cadence=wall-clock 0.3s/gen

==================== shape: hash (N=2300000) ====================
model                   pool    items/s  tput[min..max]   PSS_MB    GC_cnt   alloc_objs      ok
refork_gate.rb:221: warning: Ractor API is experimental and may change in future versions of Ruby.
refork_gate.rb:221: warning: Ractor API is experimental and may change in future versions of Ruby.
refork_gate.rb:221: warning: Ractor API is experimental and may change in future versions of Ruby.
refork_gate.rb:221: warning: Ractor API is experimental and may change in future versions of Ruby.
ractor                     4      19254    17080..20530  514.6MB        17     19552289     yes
norefork                   4      21757    21294..22132  870.8MB        20     22200048     yes
refork                     4      18955    11640..20080  564.2MB         0     19200624     yes
                              ↳ actual refork interval p50=0.409s p95=0.775s (13 gens, target 0.3s); smaps artifact excl. from tput 4.07% of wall

  verdict (hash, N=2300000, ALLOC=100, refork wall 0.3s/gen; actual interval p50=0.409s p95=0.775s):
    ractor best:        19254 items/s @ pool 4, PSS 514.6MB
    refork  @ iso-tput: PSS 564.2MB   |   no-refork @ iso-tput: PSS 870.8MB
    Ractor PSS / refork PSS = 91.2% (gate ≤80%) ; absolute saving 49.6MB (gate ≥100MB ABSOLUTE)
    throughput reach vs refork max = 101.6% (gate ≥75%)
    → ECONOMIC NO-OP — Ractor technically Pareto-dominates refork but the 49.6MB saving is <100MB (no real economic win).

==================== shape: struct (N=5000000) ====================
model                   pool    items/s  tput[min..max]   PSS_MB    GC_cnt   alloc_objs      ok
refork_gate.rb:221: warning: Ractor API is experimental and may change in future versions of Ruby.
refork_gate.rb:221: warning: Ractor API is experimental and may change in future versions of Ruby.
refork_gate.rb:221: warning: Ractor API is experimental and may change in future versions of Ruby.
refork_gate.rb:221: warning: Ractor API is experimental and may change in future versions of Ruby.
ractor                     4      18329    17947..18503  633.9MB         5     18652292     yes
norefork                   4      18450    16918..19142 1481.8MB         4     18900060     yes
refork                     4      16757    11883..17114  412.9MB         0     16750840     yes
                              ↳ actual refork interval p50=0.367s p95=0.466s (14 gens, target 0.3s); smaps artifact excl. from tput 3.04% of wall

  verdict (struct, N=5000000, ALLOC=100, refork wall 0.3s/gen; actual interval p50=0.367s p95=0.466s):
    ractor best:        18329 items/s @ pool 4, PSS 633.9MB
    refork  @ iso-tput: PSS 412.9MB   |   no-refork @ iso-tput: PSS 1481.8MB
    Ractor PSS / refork PSS = 153.5% (gate ≤80%) ; absolute saving -221.0MB (gate ≥100MB ABSOLUTE)
    throughput reach vs refork max = 109.4% (gate ≥75%)
    → TRADEOFF (neither Pareto-dominates): Ractor throughput 109% of refork-max, Ractor PSS 154% of refork. Memory gate (≤80% AND ≥100MB): fail; throughput gate (≥75%): pass → OVERALL FAIL.

==================== shape: blob (N=26000000) ====================
model                   pool    items/s  tput[min..max]   PSS_MB    GC_cnt   alloc_objs      ok
refork_gate.rb:221: warning: Ractor API is experimental and may change in future versions of Ruby.
refork_gate.rb:221: warning: Ractor API is experimental and may change in future versions of Ruby.
refork_gate.rb:221: warning: Ractor API is experimental and may change in future versions of Ruby.
refork_gate.rb:221: warning: Ractor API is experimental and may change in future versions of Ruby.
ractor                     4       9308      8231..9551  406.6MB       628      9602307     yes
norefork                   4       9348      8928..9759  419.0MB       640      9600056     yes
refork                     4       8873      6916..9043  427.0MB       412      8800616     yes
                              ↳ actual refork interval p50=0.472s p95=0.585s (11 gens, target 0.3s); smaps artifact excl. from tput 3.50% of wall

  verdict (blob, N=26000000, ALLOC=100, refork wall 0.3s/gen; actual interval p50=0.472s p95=0.585s):
    ractor best:        9308 items/s @ pool 4, PSS 406.6MB
    refork  @ iso-tput: PSS 427.0MB   |   no-refork @ iso-tput: PSS 419.0MB
    Ractor PSS / refork PSS = 95.2% (gate ≤80%) ; absolute saving 20.4MB (gate ≥100MB ABSOLUTE)
    throughput reach vs refork max = 104.9% (gate ≥75%)
    → ECONOMIC NO-OP — Ractor technically Pareto-dominates refork but the 20.4MB saving is <100MB (no real economic win).

JSON written: /app/sweep_aggressive.json
######## SWEEP DONE ########
WRAPPER_EXIT=0
