running SCAN=100 ALLOC=0 CAP_EVERY=1 TIMEOUT_S=1.0 -> /Users/allanflavio/Documents/projects/PERSONAL/backend-challenges/ractorized-rails-kernel/phase3_migration/a2_sync_matrix_runs/scan100_alloc0_cap1_to1p0.json
running SCAN=100 ALLOC=0 CAP_EVERY=1 TIMEOUT_S=1.0e-06 -> /Users/allanflavio/Documents/projects/PERSONAL/backend-challenges/ractorized-rails-kernel/phase3_migration/a2_sync_matrix_runs/scan100_alloc0_cap1_to1p0em06.json
running SCAN=100 ALLOC=0 CAP_EVERY=10 TIMEOUT_S=1.0 -> /Users/allanflavio/Documents/projects/PERSONAL/backend-challenges/ractorized-rails-kernel/phase3_migration/a2_sync_matrix_runs/scan100_alloc0_cap10_to1p0.json
running SCAN=100 ALLOC=0 CAP_EVERY=10 TIMEOUT_S=1.0e-06 -> /Users/allanflavio/Documents/projects/PERSONAL/backend-challenges/ractorized-rails-kernel/phase3_migration/a2_sync_matrix_runs/scan100_alloc0_cap10_to1p0em06.json
running SCAN=100 ALLOC=0 CAP_EVERY=100 TIMEOUT_S=1.0 -> /Users/allanflavio/Documents/projects/PERSONAL/backend-challenges/ractorized-rails-kernel/phase3_migration/a2_sync_matrix_runs/scan100_alloc0_cap100_to1p0.json
running SCAN=100 ALLOC=0 CAP_EVERY=100 TIMEOUT_S=1.0e-06 -> /Users/allanflavio/Documents/projects/PERSONAL/backend-challenges/ractorized-rails-kernel/phase3_migration/a2_sync_matrix_runs/scan100_alloc0_cap100_to1p0em06.json
running SCAN=100 ALLOC=0 CAP_EVERY=1000 TIMEOUT_S=1.0 -> /Users/allanflavio/Documents/projects/PERSONAL/backend-challenges/ractorized-rails-kernel/phase3_migration/a2_sync_matrix_runs/scan100_alloc0_cap1000_to1p0.json
running SCAN=100 ALLOC=0 CAP_EVERY=1000 TIMEOUT_S=1.0e-06 -> /Users/allanflavio/Documents/projects/PERSONAL/backend-challenges/ractorized-rails-kernel/phase3_migration/a2_sync_matrix_runs/scan100_alloc0_cap1000_to1p0em06.json
running SCAN=100 ALLOC=100 CAP_EVERY=1 TIMEOUT_S=1.0 -> /Users/allanflavio/Documents/projects/PERSONAL/backend-challenges/ractorized-rails-kernel/phase3_migration/a2_sync_matrix_runs/scan100_alloc100_cap1_to1p0.json
running SCAN=100 ALLOC=100 CAP_EVERY=1 TIMEOUT_S=1.0e-06 -> /Users/allanflavio/Documents/projects/PERSONAL/backend-challenges/ractorized-rails-kernel/phase3_migration/a2_sync_matrix_runs/scan100_alloc100_cap1_to1p0em06.json
running SCAN=100 ALLOC=100 CAP_EVERY=10 TIMEOUT_S=1.0 -> /Users/allanflavio/Documents/projects/PERSONAL/backend-challenges/ractorized-rails-kernel/phase3_migration/a2_sync_matrix_runs/scan100_alloc100_cap10_to1p0.json
running SCAN=100 ALLOC=100 CAP_EVERY=10 TIMEOUT_S=1.0e-06 -> /Users/allanflavio/Documents/projects/PERSONAL/backend-challenges/ractorized-rails-kernel/phase3_migration/a2_sync_matrix_runs/scan100_alloc100_cap10_to1p0em06.json
running SCAN=100 ALLOC=100 CAP_EVERY=100 TIMEOUT_S=1.0 -> /Users/allanflavio/Documents/projects/PERSONAL/backend-challenges/ractorized-rails-kernel/phase3_migration/a2_sync_matrix_runs/scan100_alloc100_cap100_to1p0.json
running SCAN=100 ALLOC=100 CAP_EVERY=100 TIMEOUT_S=1.0e-06 -> /Users/allanflavio/Documents/projects/PERSONAL/backend-challenges/ractorized-rails-kernel/phase3_migration/a2_sync_matrix_runs/scan100_alloc100_cap100_to1p0em06.json
running SCAN=100 ALLOC=100 CAP_EVERY=1000 TIMEOUT_S=1.0 -> /Users/allanflavio/Documents/projects/PERSONAL/backend-challenges/ractorized-rails-kernel/phase3_migration/a2_sync_matrix_runs/scan100_alloc100_cap1000_to1p0.json
running SCAN=100 ALLOC=100 CAP_EVERY=1000 TIMEOUT_S=1.0e-06 -> /Users/allanflavio/Documents/projects/PERSONAL/backend-challenges/ractorized-rails-kernel/phase3_migration/a2_sync_matrix_runs/scan100_alloc100_cap1000_to1p0em06.json
running SCAN=100 ALLOC=500 CAP_EVERY=1 TIMEOUT_S=1.0 -> /Users/allanflavio/Documents/projects/PERSONAL/backend-challenges/ractorized-rails-kernel/phase3_migration/a2_sync_matrix_runs/scan100_alloc500_cap1_to1p0.json
running SCAN=100 ALLOC=500 CAP_EVERY=1 TIMEOUT_S=1.0e-06 -> /Users/allanflavio/Documents/projects/PERSONAL/backend-challenges/ractorized-rails-kernel/phase3_migration/a2_sync_matrix_runs/scan100_alloc500_cap1_to1p0em06.json
running SCAN=100 ALLOC=500 CAP_EVERY=10 TIMEOUT_S=1.0 -> /Users/allanflavio/Documents/projects/PERSONAL/backend-challenges/ractorized-rails-kernel/phase3_migration/a2_sync_matrix_runs/scan100_alloc500_cap10_to1p0.json
running SCAN=100 ALLOC=500 CAP_EVERY=10 TIMEOUT_S=1.0e-06 -> /Users/allanflavio/Documents/projects/PERSONAL/backend-challenges/ractorized-rails-kernel/phase3_migration/a2_sync_matrix_runs/scan100_alloc500_cap10_to1p0em06.json
running SCAN=100 ALLOC=500 CAP_EVERY=100 TIMEOUT_S=1.0 -> /Users/allanflavio/Documents/projects/PERSONAL/backend-challenges/ractorized-rails-kernel/phase3_migration/a2_sync_matrix_runs/scan100_alloc500_cap100_to1p0.json
running SCAN=100 ALLOC=500 CAP_EVERY=100 TIMEOUT_S=1.0e-06 -> /Users/allanflavio/Documents/projects/PERSONAL/backend-challenges/ractorized-rails-kernel/phase3_migration/a2_sync_matrix_runs/scan100_alloc500_cap100_to1p0em06.json
running SCAN=100 ALLOC=500 CAP_EVERY=1000 TIMEOUT_S=1.0 -> /Users/allanflavio/Documents/projects/PERSONAL/backend-challenges/ractorized-rails-kernel/phase3_migration/a2_sync_matrix_runs/scan100_alloc500_cap1000_to1p0.json
running SCAN=100 ALLOC=500 CAP_EVERY=1000 TIMEOUT_S=1.0e-06 -> /Users/allanflavio/Documents/projects/PERSONAL/backend-challenges/ractorized-rails-kernel/phase3_migration/a2_sync_matrix_runs/scan100_alloc500_cap1000_to1p0em06.json
running SCAN=500 ALLOC=0 CAP_EVERY=1 TIMEOUT_S=1.0 -> /Users/allanflavio/Documents/projects/PERSONAL/backend-challenges/ractorized-rails-kernel/phase3_migration/a2_sync_matrix_runs/scan500_alloc0_cap1_to1p0.json
running SCAN=500 ALLOC=0 CAP_EVERY=1 TIMEOUT_S=1.0e-06 -> /Users/allanflavio/Documents/projects/PERSONAL/backend-challenges/ractorized-rails-kernel/phase3_migration/a2_sync_matrix_runs/scan500_alloc0_cap1_to1p0em06.json
running SCAN=500 ALLOC=0 CAP_EVERY=10 TIMEOUT_S=1.0 -> /Users/allanflavio/Documents/projects/PERSONAL/backend-challenges/ractorized-rails-kernel/phase3_migration/a2_sync_matrix_runs/scan500_alloc0_cap10_to1p0.json
running SCAN=500 ALLOC=0 CAP_EVERY=10 TIMEOUT_S=1.0e-06 -> /Users/allanflavio/Documents/projects/PERSONAL/backend-challenges/ractorized-rails-kernel/phase3_migration/a2_sync_matrix_runs/scan500_alloc0_cap10_to1p0em06.json
running SCAN=500 ALLOC=0 CAP_EVERY=100 TIMEOUT_S=1.0 -> /Users/allanflavio/Documents/projects/PERSONAL/backend-challenges/ractorized-rails-kernel/phase3_migration/a2_sync_matrix_runs/scan500_alloc0_cap100_to1p0.json
running SCAN=500 ALLOC=0 CAP_EVERY=100 TIMEOUT_S=1.0e-06 -> /Users/allanflavio/Documents/projects/PERSONAL/backend-challenges/ractorized-rails-kernel/phase3_migration/a2_sync_matrix_runs/scan500_alloc0_cap100_to1p0em06.json
running SCAN=500 ALLOC=0 CAP_EVERY=1000 TIMEOUT_S=1.0 -> /Users/allanflavio/Documents/projects/PERSONAL/backend-challenges/ractorized-rails-kernel/phase3_migration/a2_sync_matrix_runs/scan500_alloc0_cap1000_to1p0.json
running SCAN=500 ALLOC=0 CAP_EVERY=1000 TIMEOUT_S=1.0e-06 -> /Users/allanflavio/Documents/projects/PERSONAL/backend-challenges/ractorized-rails-kernel/phase3_migration/a2_sync_matrix_runs/scan500_alloc0_cap1000_to1p0em06.json
running SCAN=500 ALLOC=100 CAP_EVERY=1 TIMEOUT_S=1.0 -> /Users/allanflavio/Documents/projects/PERSONAL/backend-challenges/ractorized-rails-kernel/phase3_migration/a2_sync_matrix_runs/scan500_alloc100_cap1_to1p0.json
running SCAN=500 ALLOC=100 CAP_EVERY=1 TIMEOUT_S=1.0e-06 -> /Users/allanflavio/Documents/projects/PERSONAL/backend-challenges/ractorized-rails-kernel/phase3_migration/a2_sync_matrix_runs/scan500_alloc100_cap1_to1p0em06.json
running SCAN=500 ALLOC=100 CAP_EVERY=10 TIMEOUT_S=1.0 -> /Users/allanflavio/Documents/projects/PERSONAL/backend-challenges/ractorized-rails-kernel/phase3_migration/a2_sync_matrix_runs/scan500_alloc100_cap10_to1p0.json
running SCAN=500 ALLOC=100 CAP_EVERY=10 TIMEOUT_S=1.0e-06 -> /Users/allanflavio/Documents/projects/PERSONAL/backend-challenges/ractorized-rails-kernel/phase3_migration/a2_sync_matrix_runs/scan500_alloc100_cap10_to1p0em06.json
running SCAN=500 ALLOC=100 CAP_EVERY=100 TIMEOUT_S=1.0 -> /Users/allanflavio/Documents/projects/PERSONAL/backend-challenges/ractorized-rails-kernel/phase3_migration/a2_sync_matrix_runs/scan500_alloc100_cap100_to1p0.json
running SCAN=500 ALLOC=100 CAP_EVERY=100 TIMEOUT_S=1.0e-06 -> /Users/allanflavio/Documents/projects/PERSONAL/backend-challenges/ractorized-rails-kernel/phase3_migration/a2_sync_matrix_runs/scan500_alloc100_cap100_to1p0em06.json
running SCAN=500 ALLOC=100 CAP_EVERY=1000 TIMEOUT_S=1.0 -> /Users/allanflavio/Documents/projects/PERSONAL/backend-challenges/ractorized-rails-kernel/phase3_migration/a2_sync_matrix_runs/scan500_alloc100_cap1000_to1p0.json
running SCAN=500 ALLOC=100 CAP_EVERY=1000 TIMEOUT_S=1.0e-06 -> /Users/allanflavio/Documents/projects/PERSONAL/backend-challenges/ractorized-rails-kernel/phase3_migration/a2_sync_matrix_runs/scan500_alloc100_cap1000_to1p0em06.json
running SCAN=500 ALLOC=500 CAP_EVERY=1 TIMEOUT_S=1.0 -> /Users/allanflavio/Documents/projects/PERSONAL/backend-challenges/ractorized-rails-kernel/phase3_migration/a2_sync_matrix_runs/scan500_alloc500_cap1_to1p0.json
running SCAN=500 ALLOC=500 CAP_EVERY=1 TIMEOUT_S=1.0e-06 -> /Users/allanflavio/Documents/projects/PERSONAL/backend-challenges/ractorized-rails-kernel/phase3_migration/a2_sync_matrix_runs/scan500_alloc500_cap1_to1p0em06.json
running SCAN=500 ALLOC=500 CAP_EVERY=10 TIMEOUT_S=1.0 -> /Users/allanflavio/Documents/projects/PERSONAL/backend-challenges/ractorized-rails-kernel/phase3_migration/a2_sync_matrix_runs/scan500_alloc500_cap10_to1p0.json
running SCAN=500 ALLOC=500 CAP_EVERY=10 TIMEOUT_S=1.0e-06 -> /Users/allanflavio/Documents/projects/PERSONAL/backend-challenges/ractorized-rails-kernel/phase3_migration/a2_sync_matrix_runs/scan500_alloc500_cap10_to1p0em06.json
running SCAN=500 ALLOC=500 CAP_EVERY=100 TIMEOUT_S=1.0 -> /Users/allanflavio/Documents/projects/PERSONAL/backend-challenges/ractorized-rails-kernel/phase3_migration/a2_sync_matrix_runs/scan500_alloc500_cap100_to1p0.json
running SCAN=500 ALLOC=500 CAP_EVERY=100 TIMEOUT_S=1.0e-06 -> /Users/allanflavio/Documents/projects/PERSONAL/backend-challenges/ractorized-rails-kernel/phase3_migration/a2_sync_matrix_runs/scan500_alloc500_cap100_to1p0em06.json
running SCAN=500 ALLOC=500 CAP_EVERY=1000 TIMEOUT_S=1.0 -> /Users/allanflavio/Documents/projects/PERSONAL/backend-challenges/ractorized-rails-kernel/phase3_migration/a2_sync_matrix_runs/scan500_alloc500_cap1000_to1p0.json
running SCAN=500 ALLOC=500 CAP_EVERY=1000 TIMEOUT_S=1.0e-06 -> /Users/allanflavio/Documents/projects/PERSONAL/backend-challenges/ractorized-rails-kernel/phase3_migration/a2_sync_matrix_runs/scan500_alloc500_cap1000_to1p0em06.json
running SCAN=1500 ALLOC=0 CAP_EVERY=1 TIMEOUT_S=1.0 -> /Users/allanflavio/Documents/projects/PERSONAL/backend-challenges/ractorized-rails-kernel/phase3_migration/a2_sync_matrix_runs/scan1500_alloc0_cap1_to1p0.json
running SCAN=1500 ALLOC=0 CAP_EVERY=1 TIMEOUT_S=1.0e-06 -> /Users/allanflavio/Documents/projects/PERSONAL/backend-challenges/ractorized-rails-kernel/phase3_migration/a2_sync_matrix_runs/scan1500_alloc0_cap1_to1p0em06.json
running SCAN=1500 ALLOC=0 CAP_EVERY=10 TIMEOUT_S=1.0 -> /Users/allanflavio/Documents/projects/PERSONAL/backend-challenges/ractorized-rails-kernel/phase3_migration/a2_sync_matrix_runs/scan1500_alloc0_cap10_to1p0.json
running SCAN=1500 ALLOC=0 CAP_EVERY=10 TIMEOUT_S=1.0e-06 -> /Users/allanflavio/Documents/projects/PERSONAL/backend-challenges/ractorized-rails-kernel/phase3_migration/a2_sync_matrix_runs/scan1500_alloc0_cap10_to1p0em06.json
running SCAN=1500 ALLOC=0 CAP_EVERY=100 TIMEOUT_S=1.0 -> /Users/allanflavio/Documents/projects/PERSONAL/backend-challenges/ractorized-rails-kernel/phase3_migration/a2_sync_matrix_runs/scan1500_alloc0_cap100_to1p0.json
running SCAN=1500 ALLOC=0 CAP_EVERY=100 TIMEOUT_S=1.0e-06 -> /Users/allanflavio/Documents/projects/PERSONAL/backend-challenges/ractorized-rails-kernel/phase3_migration/a2_sync_matrix_runs/scan1500_alloc0_cap100_to1p0em06.json
running SCAN=1500 ALLOC=0 CAP_EVERY=1000 TIMEOUT_S=1.0 -> /Users/allanflavio/Documents/projects/PERSONAL/backend-challenges/ractorized-rails-kernel/phase3_migration/a2_sync_matrix_runs/scan1500_alloc0_cap1000_to1p0.json
running SCAN=1500 ALLOC=0 CAP_EVERY=1000 TIMEOUT_S=1.0e-06 -> /Users/allanflavio/Documents/projects/PERSONAL/backend-challenges/ractorized-rails-kernel/phase3_migration/a2_sync_matrix_runs/scan1500_alloc0_cap1000_to1p0em06.json
running SCAN=1500 ALLOC=100 CAP_EVERY=1 TIMEOUT_S=1.0 -> /Users/allanflavio/Documents/projects/PERSONAL/backend-challenges/ractorized-rails-kernel/phase3_migration/a2_sync_matrix_runs/scan1500_alloc100_cap1_to1p0.json
running SCAN=1500 ALLOC=100 CAP_EVERY=1 TIMEOUT_S=1.0e-06 -> /Users/allanflavio/Documents/projects/PERSONAL/backend-challenges/ractorized-rails-kernel/phase3_migration/a2_sync_matrix_runs/scan1500_alloc100_cap1_to1p0em06.json
running SCAN=1500 ALLOC=100 CAP_EVERY=10 TIMEOUT_S=1.0 -> /Users/allanflavio/Documents/projects/PERSONAL/backend-challenges/ractorized-rails-kernel/phase3_migration/a2_sync_matrix_runs/scan1500_alloc100_cap10_to1p0.json
running SCAN=1500 ALLOC=100 CAP_EVERY=10 TIMEOUT_S=1.0e-06 -> /Users/allanflavio/Documents/projects/PERSONAL/backend-challenges/ractorized-rails-kernel/phase3_migration/a2_sync_matrix_runs/scan1500_alloc100_cap10_to1p0em06.json
running SCAN=1500 ALLOC=100 CAP_EVERY=100 TIMEOUT_S=1.0 -> /Users/allanflavio/Documents/projects/PERSONAL/backend-challenges/ractorized-rails-kernel/phase3_migration/a2_sync_matrix_runs/scan1500_alloc100_cap100_to1p0.json
running SCAN=1500 ALLOC=100 CAP_EVERY=100 TIMEOUT_S=1.0e-06 -> /Users/allanflavio/Documents/projects/PERSONAL/backend-challenges/ractorized-rails-kernel/phase3_migration/a2_sync_matrix_runs/scan1500_alloc100_cap100_to1p0em06.json
running SCAN=1500 ALLOC=100 CAP_EVERY=1000 TIMEOUT_S=1.0 -> /Users/allanflavio/Documents/projects/PERSONAL/backend-challenges/ractorized-rails-kernel/phase3_migration/a2_sync_matrix_runs/scan1500_alloc100_cap1000_to1p0.json
running SCAN=1500 ALLOC=100 CAP_EVERY=1000 TIMEOUT_S=1.0e-06 -> /Users/allanflavio/Documents/projects/PERSONAL/backend-challenges/ractorized-rails-kernel/phase3_migration/a2_sync_matrix_runs/scan1500_alloc100_cap1000_to1p0em06.json
running SCAN=1500 ALLOC=500 CAP_EVERY=1 TIMEOUT_S=1.0 -> /Users/allanflavio/Documents/projects/PERSONAL/backend-challenges/ractorized-rails-kernel/phase3_migration/a2_sync_matrix_runs/scan1500_alloc500_cap1_to1p0.json
running SCAN=1500 ALLOC=500 CAP_EVERY=1 TIMEOUT_S=1.0e-06 -> /Users/allanflavio/Documents/projects/PERSONAL/backend-challenges/ractorized-rails-kernel/phase3_migration/a2_sync_matrix_runs/scan1500_alloc500_cap1_to1p0em06.json
running SCAN=1500 ALLOC=500 CAP_EVERY=10 TIMEOUT_S=1.0 -> /Users/allanflavio/Documents/projects/PERSONAL/backend-challenges/ractorized-rails-kernel/phase3_migration/a2_sync_matrix_runs/scan1500_alloc500_cap10_to1p0.json
running SCAN=1500 ALLOC=500 CAP_EVERY=10 TIMEOUT_S=1.0e-06 -> /Users/allanflavio/Documents/projects/PERSONAL/backend-challenges/ractorized-rails-kernel/phase3_migration/a2_sync_matrix_runs/scan1500_alloc500_cap10_to1p0em06.json
running SCAN=1500 ALLOC=500 CAP_EVERY=100 TIMEOUT_S=1.0 -> /Users/allanflavio/Documents/projects/PERSONAL/backend-challenges/ractorized-rails-kernel/phase3_migration/a2_sync_matrix_runs/scan1500_alloc500_cap100_to1p0.json
running SCAN=1500 ALLOC=500 CAP_EVERY=100 TIMEOUT_S=1.0e-06 -> /Users/allanflavio/Documents/projects/PERSONAL/backend-challenges/ractorized-rails-kernel/phase3_migration/a2_sync_matrix_runs/scan1500_alloc500_cap100_to1p0em06.json
running SCAN=1500 ALLOC=500 CAP_EVERY=1000 TIMEOUT_S=1.0 -> /Users/allanflavio/Documents/projects/PERSONAL/backend-challenges/ractorized-rails-kernel/phase3_migration/a2_sync_matrix_runs/scan1500_alloc500_cap1000_to1p0.json
running SCAN=1500 ALLOC=500 CAP_EVERY=1000 TIMEOUT_S=1.0e-06 -> /Users/allanflavio/Documents/projects/PERSONAL/backend-challenges/ractorized-rails-kernel/phase3_migration/a2_sync_matrix_runs/scan1500_alloc500_cap1000_to1p0em06.json
A2 3D matrix JSON written: /Users/allanflavio/Documents/projects/PERSONAL/backend-challenges/ractorized-rails-kernel/phase3_migration/a2_sync_matrix_results.json
aggregate: {"cells" => 72, "passes" => 12, "fails" => 53, "inconclusive" => 7, "all_cells_fail" => false, "any_cell_passes" => true}
EXIT=0
