Ruby 4.0.5 (aarch64-linux) refork death-test (frontier / iso-throughput)
POOLS=[1, 2] SHAPES=[:struct] N_by_shape={struct: 1500000} ITEMS=500 SCAN=500 ALLOC=0 DURATION=2.0s REPS=2 refork-cadence=wall-clock 1.0s/gen

==================== shape: struct (N=1500000) ====================
model                   pool    items/s  tput[min..max]   PSS_MB    GC_cnt   alloc_objs      ok
ractor                     1      16872    16700..17044  162.0MB         0          697     yes
norefork                   1      17539    17468..17610   92.3MB         0           12     yes
refork                     1      17509    17330..17687   92.3MB         0           24     yes
                              ↳ actual refork interval p50=1.021s p95=1.029s (2 gens, target 1.0s)
ractor                     2      32134    27522..36747  161.6MB         0          732     yes
norefork                   2      31316    28691..33941   93.6MB         0           24     yes
refork                     2      34220    34000..34441   93.7MB         0           48     yes
                              ↳ actual refork interval p50=1.018s p95=1.019s (2 gens, target 1.0s)

  verdict (struct, N=1500000, ALLOC=0, refork wall 1.0s/gen; actual interval p50=1.019s p95=1.029s):
    ractor best:        32134 items/s @ pool 2, PSS 161.6MB
    refork  @ iso-tput: PSS 93.5MB   |   no-refork @ iso-tput: PSS 93.6MB
    Ractor PSS / refork PSS = 172.8% (gate ≤70-80%) ; absolute saving -68.0MB (gate ≥100MB ABSOLUTE)
    throughput reach vs refork max = 93.9% (gate ≥75-80%)
    → THESIS DIES: refork Pareto-dominates Ractor (≤PSS AND ≥throughput).

JSON written: phase3_migration/economic_gate_struct_matrix_runs/alloc_0.json
refork_gate.rb:206: warning: Ractor API is experimental and may change in future versions of Ruby.
refork_gate.rb:206: warning: Ractor API is experimental and may change in future versions of Ruby.
refork_gate.rb:206: warning: Ractor API is experimental and may change in future versions of Ruby.
refork_gate.rb:206: warning: Ractor API is experimental and may change in future versions of Ruby.
