Ruby 4.0.5 (aarch64-linux) refork death-test (frontier / iso-throughput)
POOLS=[1, 2] SHAPES=[:struct] N_by_shape={struct: 1500000} ITEMS=500 SCAN=500 ALLOC=100 DURATION=2.0s REPS=2 refork-cadence=wall-clock 1.0s/gen

==================== shape: struct (N=1500000) ====================
model                   pool    items/s  tput[min..max]   PSS_MB    GC_cnt   alloc_objs      ok
refork_gate.rb:206: warning: Ractor API is experimental and may change in future versions of Ruby.
refork_gate.rb:206: warning: Ractor API is experimental and may change in future versions of Ruby.
ractor                     1      14035    13982..14087  162.0MB        13      5650702     yes
norefork                   1      13930    13838..14021  212.3MB         5      5650015     yes
refork                     1      12650    11545..13755  198.3MB         6      5200030     yes
                              ↳ actual refork interval p50=1.025s p95=1.059s (2 gens, target 1.0s)
refork_gate.rb:206: warning: Ractor API is experimental and may change in future versions of Ruby.
refork_gate.rb:206: warning: Ractor API is experimental and may change in future versions of Ruby.
ractor                     2      24877    24235..25519  161.8MB        23     10050737     yes
norefork                   2      26545    26167..26924  293.6MB        15     10725030     yes
refork                     2      25912    25494..26330  284.2MB        15     10725060     yes
                              ↳ actual refork interval p50=1.032s p95=1.052s (2 gens, target 1.0s)

  verdict (struct, N=1500000, ALLOC=100, refork wall 1.0s/gen; actual interval p50=1.028s p95=1.059s):
    ractor best:        24877 items/s @ pool 2, PSS 161.8MB
    refork  @ iso-tput: PSS 277.5MB   |   no-refork @ iso-tput: PSS 282.9MB
    Ractor PSS / refork PSS = 58.3% (gate ≤70-80%) ; absolute saving 115.6MB (gate ≥100MB ABSOLUTE)
    throughput reach vs refork max = 96.0% (gate ≥75-80%)
    → TRADEOFF (neither Pareto-dominates): Ractor throughput 96% of refork-max, Ractor PSS 58% of refork. Memory gate (≤80% AND ≥100MB): pass; throughput gate (≥75%): pass → OVERALL PASS.

JSON written: phase3_migration/economic_gate_struct_probe.json
